TN:
SF:src/App.tsx
FN:8,App
FN:41,Home
FNF:2
FNH:0
FNDA:0,App
FNDA:0,Home
DA:9,0
DA:42,0
LF:2
LH:0
BRF:0
BRH:0
end_of_record
TN:
SF:src/main.tsx
FNF:0
FNH:0
DA:8,0
LF:1
LH:0
BRF:0
BRH:0
end_of_record
TN:
SF:src/test-utils.tsx
FN:8,renderWithContext
FN:20,getStateWithItems
FNF:2
FNH:2
FNDA:12,renderWithContext
FNDA:10,getStateWithItems
DA:9,12
DA:11,12
DA:17,12
DA:21,10
DA:26,10
LF:5
LH:5
BRDA:20,0,0,6
BRF:1
BRH:1
end_of_record
TN:
SF:src/app/api.ts
FN:11,getProducts
FN:20,checkout
FN:41,(anonymous_2)
FN:42,(anonymous_3)
FNF:4
FNH:0
FNDA:0,getProducts
FNDA:0,checkout
FNDA:0,(anonymous_2)
FNDA:0,(anonymous_3)
DA:12,0
DA:13,0
DA:14,0
DA:21,0
DA:22,0
DA:24,0
DA:26,0
DA:31,0
DA:33,0
DA:34,0
DA:37,0
DA:41,3
DA:42,0
LF:13
LH:1
BRDA:21,0,0,0
BRDA:21,0,1,0
BRDA:33,1,0,0
BRDA:33,1,1,0
BRF:4
BRH:0
end_of_record
TN:
SF:src/app/hooks.ts
FN:4,(anonymous_0)
FNF:1
FNH:1
FNDA:17,(anonymous_0)
DA:4,17
DA:5,3
LF:2
LH:2
BRF:0
BRH:0
end_of_record
TN:
SF:src/app/store.ts
FN:14,getStoreWithState
FNF:1
FNH:1
FNDA:17,getStoreWithState
DA:5,4
DA:10,4
DA:15,17
LF:3
LH:3
BRF:0
BRH:0
end_of_record
TN:
SF:src/features/cart/Cart.tsx
FN:12,Cart
FN:14,(anonymous_1)
FN:15,(anonymous_2)
FN:17,(anonymous_3)
FN:18,(anonymous_4)
FN:20,onQuantityChanged
FN:28,onCheckout
FN:52,(anonymous_7)
FN:61,(anonymous_8)
FN:67,(anonymous_9)
FNF:10
FNH:10
FNDA:11,Cart
FNDA:22,(anonymous_1)
FNDA:22,(anonymous_2)
FNDA:22,(anonymous_3)
FNDA:22,(anonymous_4)
FNDA:1,onQuantityChanged
FNDA:1,onCheckout
FNDA:8,(anonymous_7)
FNDA:1,(anonymous_8)
FNDA:2,(anonymous_9)
DA:13,11
DA:14,22
DA:15,22
DA:16,11
DA:17,22
DA:18,22
DA:24,1
DA:25,1
DA:29,1
DA:30,1
DA:33,11
DA:39,11
DA:53,8
DA:61,1
DA:67,2
LF:15
LH:15
BRDA:24,0,0,1
BRDA:24,0,1,1
BRDA:86,1,0,1
BRDA:86,1,1,10
BRDA:86,2,0,11
BRDA:86,2,1,1
BRF:6
BRH:6
end_of_record
TN:
SF:src/features/cart/CartLink.tsx
FN:7,CartLink
FNF:1
FNH:1
FNDA:7,CartLink
DA:8,7
DA:9,7
LF:2
LH:2
BRDA:12,0,0,4
BRDA:12,0,1,3
BRF:2
BRH:2
end_of_record
TN:
SF:src/features/cart/cartSlice.ts
FN:23,(anonymous_0)
FN:35,(anonymous_1)
FN:42,(anonymous_2)
FN:45,(anonymous_3)
FN:53,(anonymous_4)
FN:54,(anonymous_5)
FN:59,(anonymous_6)
FN:69,(anonymous_7)
FN:79,getNumItems
FN:91,(anonymous_9)
FN:92,(anonymous_10)
FN:103,(anonymous_11)
FN:104,(anonymous_12)
FN:105,(anonymous_13)
FNF:14
FNH:14
FNDA:10,(anonymous_0)
FNDA:7,(anonymous_1)
FNDA:5,(anonymous_2)
FNDA:3,(anonymous_3)
FNDA:4,(anonymous_4)
FNDA:6,(anonymous_5)
FNDA:3,(anonymous_6)
FNDA:3,(anonymous_7)
FNDA:2,getNumItems
FNDA:16,(anonymous_9)
FNDA:11,(anonymous_10)
FNDA:18,(anonymous_11)
FNDA:18,(anonymous_12)
FNDA:16,(anonymous_13)
DA:17,4
DA:23,4
DA:25,10
DA:26,10
DA:27,10
DA:28,5
DA:31,4
DA:36,7
DA:37,4
DA:39,3
DA:43,5
DA:49,3
DA:50,3
DA:54,4
DA:55,6
DA:57,4
DA:60,3
DA:61,3
DA:62,2
DA:63,2
DA:65,1
DA:69,4
DA:70,3
DA:71,3
DA:76,4
DA:80,2
DA:81,2
DA:82,2
DA:83,2
DA:85,2
DA:90,4
DA:91,16
DA:93,11
DA:94,11
DA:95,11
DA:96,12
DA:98,11
DA:102,4
DA:103,18
DA:104,18
DA:106,16
DA:107,16
DA:108,18
DA:110,16
LF:44
LH:44
BRDA:36,0,0,4
BRDA:36,0,1,3
BRDA:61,1,0,2
BRDA:61,1,1,1
BRDA:71,2,0,3
BRDA:71,2,1,1
BRF:6
BRH:6
end_of_record
TN:
SF:src/features/products/Products.tsx
FN:8,Products
FN:10,(anonymous_1)
FN:11,(anonymous_2)
FN:15,(anonymous_3)
FN:19,(anonymous_4)
FN:32,(anonymous_5)
FNF:6
FNH:6
FNDA:6,Products
FNDA:3,(anonymous_1)
FNDA:3,(anonymous_2)
FNDA:15,(anonymous_3)
FNDA:15,(anonymous_4)
FNDA:3,(anonymous_5)
DA:9,6
DA:10,6
DA:11,3
DA:12,3
DA:15,15
DA:16,6
DA:20,15
DA:32,3
LF:8
LH:8
BRF:0
BRH:0
end_of_record
TN:
SF:src/features/products/productsSlice.ts
FN:16,(anonymous_0)
FN:18,(anonymous_1)
FNF:2
FNH:2
FNDA:8,(anonymous_0)
FNDA:34,(anonymous_1)
DA:8,5
DA:12,5
DA:17,8
DA:18,8
DA:19,34
DA:25,5
LF:6
LH:6
BRF:0
BRH:0
end_of_record
