{"/home/italo.amaral/Área de Trabalho/MyRepos/redux-shopping-cart/src/App.tsx": {"path":"/home/italo.amaral/Área de Trabalho/MyRepos/redux-shopping-cart/src/App.tsx","statementMap":{"0":{"start":{"line":9,"column":2},"end":{"line":36,"column":4}},"1":{"start":{"line":42,"column":2},"end":{"line":50,"column":4}}},"fnMap":{"0":{"name":"App","decl":{"start":{"line":8,"column":9},"end":{"line":8,"column":12}},"loc":{"start":{"line":8,"column":15},"end":{"line":37,"column":1}},"line":8},"1":{"name":"Home","decl":{"start":{"line":41,"column":9},"end":{"line":41,"column":13}},"loc":{"start":{"line":41,"column":16},"end":{"line":51,"column":1}},"line":41}},"branchMap":{},"s":{"0":0,"1":0},"f":{"0":0,"1":0},"b":{}}
,"/home/italo.amaral/Área de Trabalho/MyRepos/redux-shopping-cart/src/main.tsx": {"path":"/home/italo.amaral/Área de Trabalho/MyRepos/redux-shopping-cart/src/main.tsx","statementMap":{"0":{"start":{"line":8,"column":0},"end":{"line":15,"column":2}}},"fnMap":{},"branchMap":{},"s":{"0":0},"f":{},"b":{}}
,"/home/italo.amaral/Área de Trabalho/MyRepos/redux-shopping-cart/src/test-utils.tsx": {"path":"/home/italo.amaral/Área de Trabalho/MyRepos/redux-shopping-cart/src/test-utils.tsx","statementMap":{"0":{"start":{"line":9,"column":16},"end":{"line":9,"column":40}},"1":{"start":{"line":11,"column":16},"end":{"line":15,"column":3}},"2":{"start":{"line":17,"column":2},"end":{"line":17,"column":28}},"3":{"start":{"line":21,"column":27},"end":{"line":24,"column":3}},"4":{"start":{"line":26,"column":2},"end":{"line":26,"column":15}}},"fnMap":{"0":{"name":"renderWithContext","decl":{"start":{"line":8,"column":16},"end":{"line":8,"column":33}},"loc":{"start":{"line":8,"column":82},"end":{"line":18,"column":1}},"line":8},"1":{"name":"getStateWithItems","decl":{"start":{"line":20,"column":16},"end":{"line":20,"column":33}},"loc":{"start":{"line":20,"column":116},"end":{"line":27,"column":1}},"line":20}},"branchMap":{"0":{"loc":{"start":{"line":20,"column":65},"end":{"line":20,"column":103}},"type":"default-arg","locations":[{"start":{"line":20,"column":101},"end":{"line":20,"column":103}}],"line":20}},"s":{"0":12,"1":12,"2":12,"3":10,"4":10},"f":{"0":12,"1":10},"b":{"0":[6]},"_coverageSchema":"1a1c01bbd47fc00a2c39e90264f33305004495a9","hash":"03f5b9025f2a57dceb01cdbbf751839ee9337549"}
,"/home/italo.amaral/Área de Trabalho/MyRepos/redux-shopping-cart/src/app/api.ts": {"path":"/home/italo.amaral/Área de Trabalho/MyRepos/redux-shopping-cart/src/app/api.ts","statementMap":{"0":{"start":{"line":12,"column":18},"end":{"line":12,"column":47}},"1":{"start":{"line":13,"column":19},"end":{"line":13,"column":33}},"2":{"start":{"line":14,"column":2},"end":{"line":14,"column":18}},"3":{"start":{"line":21,"column":19},"end":{"line":21,"column":70}},"4":{"start":{"line":22,"column":14},"end":{"line":22,"column":42}},"5":{"start":{"line":24,"column":2},"end":{"line":24,"column":19}},"6":{"start":{"line":26,"column":19},"end":{"line":29,"column":4}},"7":{"start":{"line":31,"column":15},"end":{"line":31,"column":36}},"8":{"start":{"line":33,"column":2},"end":{"line":35,"column":3}},"9":{"start":{"line":34,"column":4},"end":{"line":34,"column":32}},"10":{"start":{"line":37,"column":2},"end":{"line":37,"column":34}},"11":{"start":{"line":41,"column":14},"end":{"line":42,"column":45}},"12":{"start":{"line":42,"column":2},"end":{"line":42,"column":45}},"13":{"start":{"line":42,"column":23},"end":{"line":42,"column":44}}},"fnMap":{"0":{"name":"getProducts","decl":{"start":{"line":11,"column":22},"end":{"line":11,"column":33}},"loc":{"start":{"line":11,"column":56},"end":{"line":15,"column":1}},"line":11},"1":{"name":"checkout","decl":{"start":{"line":20,"column":22},"end":{"line":20,"column":30}},"loc":{"start":{"line":20,"column":76},"end":{"line":38,"column":1}},"line":20},"2":{"name":"(anonymous_2)","decl":{"start":{"line":41,"column":14},"end":{"line":41,"column":15}},"loc":{"start":{"line":42,"column":2},"end":{"line":42,"column":45}},"line":42},"3":{"name":"(anonymous_3)","decl":{"start":{"line":42,"column":14},"end":{"line":42,"column":15}},"loc":{"start":{"line":42,"column":23},"end":{"line":42,"column":44}},"line":42}},"branchMap":{"0":{"loc":{"start":{"line":21,"column":19},"end":{"line":21,"column":70}},"type":"cond-expr","locations":[{"start":{"line":21,"column":51},"end":{"line":21,"column":60}},{"start":{"line":21,"column":63},"end":{"line":21,"column":70}}],"line":21},"1":{"loc":{"start":{"line":33,"column":2},"end":{"line":35,"column":3}},"type":"if","locations":[{"start":{"line":33,"column":2},"end":{"line":35,"column":3}},{"start":{},"end":{}}],"line":33}},"s":{"0":0,"1":0,"2":0,"3":0,"4":0,"5":0,"6":0,"7":0,"8":0,"9":0,"10":0,"11":3,"12":0,"13":0},"f":{"0":0,"1":0,"2":0,"3":0},"b":{"0":[0,0],"1":[0,0]},"_coverageSchema":"1a1c01bbd47fc00a2c39e90264f33305004495a9","hash":"54eda17c45695a254e50a2d7dba18f1cbdb9f182"}
,"/home/italo.amaral/Área de Trabalho/MyRepos/redux-shopping-cart/src/app/hooks.ts": {"path":"/home/italo.amaral/Área de Trabalho/MyRepos/redux-shopping-cart/src/app/hooks.ts","statementMap":{"0":{"start":{"line":4,"column":30},"end":{"line":4,"column":62}},"1":{"start":{"line":4,"column":36},"end":{"line":4,"column":62}},"2":{"start":{"line":5,"column":63},"end":{"line":5,"column":74}}},"fnMap":{"0":{"name":"(anonymous_0)","decl":{"start":{"line":4,"column":30},"end":{"line":4,"column":31}},"loc":{"start":{"line":4,"column":36},"end":{"line":4,"column":62}},"line":4}},"branchMap":{},"s":{"0":3,"1":17,"2":3},"f":{"0":17},"b":{},"_coverageSchema":"1a1c01bbd47fc00a2c39e90264f33305004495a9","hash":"946dd6c4b52a018e53a4ddb0fe52d0c06f603833"}
,"/home/italo.amaral/Área de Trabalho/MyRepos/redux-shopping-cart/src/app/store.ts": {"path":"/home/italo.amaral/Área de Trabalho/MyRepos/redux-shopping-cart/src/app/store.ts","statementMap":{"0":{"start":{"line":5,"column":16},"end":{"line":8,"column":1}},"1":{"start":{"line":10,"column":21},"end":{"line":12,"column":2}},"2":{"start":{"line":15,"column":2},"end":{"line":18,"column":5}}},"fnMap":{"0":{"name":"getStoreWithState","decl":{"start":{"line":14,"column":16},"end":{"line":14,"column":33}},"loc":{"start":{"line":14,"column":62},"end":{"line":19,"column":1}},"line":14}},"branchMap":{},"s":{"0":4,"1":4,"2":17},"f":{"0":17},"b":{},"_coverageSchema":"1a1c01bbd47fc00a2c39e90264f33305004495a9","hash":"d7160cef70d8e0041eb452e78fdea1e3100e4bba"}
,"/home/italo.amaral/Área de Trabalho/MyRepos/redux-shopping-cart/src/features/cart/Cart.tsx": {"path":"/home/italo.amaral/Área de Trabalho/MyRepos/redux-shopping-cart/src/features/cart/Cart.tsx","statementMap":{"0":{"start":{"line":13,"column":19},"end":{"line":13,"column":35}},"1":{"start":{"line":14,"column":19},"end":{"line":14,"column":69}},"2":{"start":{"line":14,"column":45},"end":{"line":14,"column":68}},"3":{"start":{"line":15,"column":16},"end":{"line":15,"column":59}},"4":{"start":{"line":15,"column":42},"end":{"line":15,"column":58}},"5":{"start":{"line":16,"column":21},"end":{"line":16,"column":50}},"6":{"start":{"line":17,"column":24},"end":{"line":17,"column":75}},"7":{"start":{"line":17,"column":50},"end":{"line":17,"column":74}},"8":{"start":{"line":18,"column":23},"end":{"line":18,"column":73}},"9":{"start":{"line":18,"column":49},"end":{"line":18,"column":72}},"10":{"start":{"line":24,"column":21},"end":{"line":24,"column":48}},"11":{"start":{"line":25,"column":4},"end":{"line":25,"column":47}},"12":{"start":{"line":29,"column":4},"end":{"line":29,"column":23}},"13":{"start":{"line":30,"column":4},"end":{"line":30,"column":29}},"14":{"start":{"line":33,"column":23},"end":{"line":37,"column":4}},"15":{"start":{"line":39,"column":2},"end":{"line":94,"column":4}},"16":{"start":{"line":53,"column":12},"end":{"line":73,"column":17}},"17":{"start":{"line":61,"column":33},"end":{"line":61,"column":57}},"18":{"start":{"line":67,"column":33},"end":{"line":67,"column":61}}},"fnMap":{"0":{"name":"Cart","decl":{"start":{"line":12,"column":16},"end":{"line":12,"column":20}},"loc":{"start":{"line":12,"column":23},"end":{"line":95,"column":1}},"line":12},"1":{"name":"(anonymous_1)","decl":{"start":{"line":14,"column":34},"end":{"line":14,"column":35}},"loc":{"start":{"line":14,"column":45},"end":{"line":14,"column":68}},"line":14},"2":{"name":"(anonymous_2)","decl":{"start":{"line":15,"column":31},"end":{"line":15,"column":32}},"loc":{"start":{"line":15,"column":42},"end":{"line":15,"column":58}},"line":15},"3":{"name":"(anonymous_3)","decl":{"start":{"line":17,"column":39},"end":{"line":17,"column":40}},"loc":{"start":{"line":17,"column":50},"end":{"line":17,"column":74}},"line":17},"4":{"name":"(anonymous_4)","decl":{"start":{"line":18,"column":38},"end":{"line":18,"column":39}},"loc":{"start":{"line":18,"column":49},"end":{"line":18,"column":72}},"line":18},"5":{"name":"onQuantityChanged","decl":{"start":{"line":20,"column":11},"end":{"line":20,"column":28}},"loc":{"start":{"line":23,"column":4},"end":{"line":26,"column":3}},"line":23},"6":{"name":"onCheckout","decl":{"start":{"line":28,"column":11},"end":{"line":28,"column":21}},"loc":{"start":{"line":28,"column":59},"end":{"line":31,"column":3}},"line":28},"7":{"name":"(anonymous_7)","decl":{"start":{"line":52,"column":37},"end":{"line":52,"column":38}},"loc":{"start":{"line":53,"column":12},"end":{"line":73,"column":17}},"line":53},"8":{"name":"(anonymous_8)","decl":{"start":{"line":61,"column":26},"end":{"line":61,"column":27}},"loc":{"start":{"line":61,"column":33},"end":{"line":61,"column":57}},"line":61},"9":{"name":"(anonymous_9)","decl":{"start":{"line":67,"column":27},"end":{"line":67,"column":28}},"loc":{"start":{"line":67,"column":33},"end":{"line":67,"column":61}},"line":67}},"branchMap":{"0":{"loc":{"start":{"line":24,"column":21},"end":{"line":24,"column":48}},"type":"binary-expr","locations":[{"start":{"line":24,"column":21},"end":{"line":24,"column":43}},{"start":{"line":24,"column":47},"end":{"line":24,"column":48}}],"line":24},"1":{"loc":{"start":{"line":86,"column":9},"end":{"line":88,"column":16}},"type":"cond-expr","locations":[{"start":{"line":87,"column":10},"end":{"line":87,"column":59}},{"start":{"line":88,"column":12},"end":{"line":88,"column":16}}],"line":86},"2":{"loc":{"start":{"line":86,"column":9},"end":{"line":86,"column":50}},"type":"binary-expr","locations":[{"start":{"line":86,"column":9},"end":{"line":86,"column":34}},{"start":{"line":86,"column":38},"end":{"line":86,"column":50}}],"line":86}},"s":{"0":11,"1":11,"2":22,"3":11,"4":22,"5":11,"6":11,"7":22,"8":11,"9":22,"10":1,"11":1,"12":1,"13":1,"14":11,"15":11,"16":8,"17":1,"18":2},"f":{"0":11,"1":22,"2":22,"3":22,"4":22,"5":1,"6":1,"7":8,"8":1,"9":2},"b":{"0":[1,1],"1":[1,10],"2":[11,1]},"_coverageSchema":"1a1c01bbd47fc00a2c39e90264f33305004495a9","hash":"39908758492b6d54e3ce8413875170831ebd0a87"}
,"/home/italo.amaral/Área de Trabalho/MyRepos/redux-shopping-cart/src/features/cart/CartLink.tsx": {"path":"/home/italo.amaral/Área de Trabalho/MyRepos/redux-shopping-cart/src/features/cart/CartLink.tsx","statementMap":{"0":{"start":{"line":8,"column":19},"end":{"line":8,"column":54}},"1":{"start":{"line":9,"column":2},"end":{"line":15,"column":4}}},"fnMap":{"0":{"name":"CartLink","decl":{"start":{"line":7,"column":16},"end":{"line":7,"column":24}},"loc":{"start":{"line":7,"column":27},"end":{"line":16,"column":1}},"line":7}},"branchMap":{"0":{"loc":{"start":{"line":12,"column":23},"end":{"line":12,"column":51}},"type":"cond-expr","locations":[{"start":{"line":12,"column":34},"end":{"line":12,"column":42}},{"start":{"line":12,"column":45},"end":{"line":12,"column":51}}],"line":12}},"s":{"0":7,"1":7},"f":{"0":7},"b":{"0":[4,3]},"_coverageSchema":"1a1c01bbd47fc00a2c39e90264f33305004495a9","hash":"f14ca661b9b59804b0022eefc8aa7d9129d972fb"}
,"/home/italo.amaral/Área de Trabalho/MyRepos/redux-shopping-cart/src/features/cart/cartSlice.ts": {"path":"/home/italo.amaral/Área de Trabalho/MyRepos/redux-shopping-cart/src/features/cart/cartSlice.ts","statementMap":{"0":{"start":{"line":17,"column":32},"end":{"line":21,"column":1}},"1":{"start":{"line":23,"column":28},"end":{"line":29,"column":2}},"2":{"start":{"line":25,"column":16},"end":{"line":25,"column":48}},"3":{"start":{"line":26,"column":16},"end":{"line":26,"column":32}},"4":{"start":{"line":27,"column":19},"end":{"line":27,"column":40}},"5":{"start":{"line":28,"column":2},"end":{"line":28,"column":18}},"6":{"start":{"line":31,"column":18},"end":{"line":74,"column":2}},"7":{"start":{"line":36,"column":6},"end":{"line":40,"column":7}},"8":{"start":{"line":37,"column":8},"end":{"line":37,"column":38}},"9":{"start":{"line":39,"column":8},"end":{"line":39,"column":40}},"10":{"start":{"line":43,"column":6},"end":{"line":43,"column":41}},"11":{"start":{"line":49,"column":31},"end":{"line":49,"column":45}},"12":{"start":{"line":50,"column":6},"end":{"line":50,"column":33}},"13":{"start":{"line":54,"column":4},"end":{"line":56,"column":7}},"14":{"start":{"line":55,"column":6},"end":{"line":55,"column":38}},"15":{"start":{"line":57,"column":4},"end":{"line":68,"column":6}},"16":{"start":{"line":60,"column":28},"end":{"line":60,"column":42}},"17":{"start":{"line":61,"column":8},"end":{"line":66,"column":9}},"18":{"start":{"line":62,"column":10},"end":{"line":62,"column":40}},"19":{"start":{"line":63,"column":10},"end":{"line":63,"column":27}},"20":{"start":{"line":65,"column":10},"end":{"line":65,"column":40}},"21":{"start":{"line":69,"column":4},"end":{"line":72,"column":7}},"22":{"start":{"line":70,"column":6},"end":{"line":70,"column":36}},"23":{"start":{"line":71,"column":6},"end":{"line":71,"column":54}},"24":{"start":{"line":76,"column":61},"end":{"line":76,"column":78}},"25":{"start":{"line":80,"column":2},"end":{"line":80,"column":34}},"26":{"start":{"line":81,"column":17},"end":{"line":81,"column":18}},"27":{"start":{"line":82,"column":2},"end":{"line":84,"column":3}},"28":{"start":{"line":83,"column":4},"end":{"line":83,"column":37}},"29":{"start":{"line":85,"column":2},"end":{"line":85,"column":18}},"30":{"start":{"line":90,"column":35},"end":{"line":100,"column":1}},"31":{"start":{"line":91,"column":24},"end":{"line":91,"column":40}},"32":{"start":{"line":93,"column":4},"end":{"line":93,"column":47}},"33":{"start":{"line":94,"column":19},"end":{"line":94,"column":20}},"34":{"start":{"line":95,"column":4},"end":{"line":97,"column":5}},"35":{"start":{"line":96,"column":6},"end":{"line":96,"column":28}},"36":{"start":{"line":98,"column":4},"end":{"line":98,"column":20}},"37":{"start":{"line":102,"column":29},"end":{"line":112,"column":1}},"38":{"start":{"line":103,"column":24},"end":{"line":103,"column":40}},"39":{"start":{"line":104,"column":24},"end":{"line":104,"column":47}},"40":{"start":{"line":106,"column":16},"end":{"line":106,"column":17}},"41":{"start":{"line":107,"column":4},"end":{"line":109,"column":5}},"42":{"start":{"line":108,"column":6},"end":{"line":108,"column":46}},"43":{"start":{"line":110,"column":4},"end":{"line":110,"column":28}}},"fnMap":{"0":{"name":"(anonymous_0)","decl":{"start":{"line":23,"column":62},"end":{"line":23,"column":63}},"loc":{"start":{"line":23,"column":85},"end":{"line":29,"column":1}},"line":23},"1":{"name":"(anonymous_1)","decl":{"start":{"line":35,"column":4},"end":{"line":35,"column":5}},"loc":{"start":{"line":35,"column":52},"end":{"line":41,"column":5}},"line":35},"2":{"name":"(anonymous_2)","decl":{"start":{"line":42,"column":4},"end":{"line":42,"column":5}},"loc":{"start":{"line":42,"column":57},"end":{"line":44,"column":5}},"line":42},"3":{"name":"(anonymous_3)","decl":{"start":{"line":45,"column":4},"end":{"line":45,"column":5}},"loc":{"start":{"line":48,"column":6},"end":{"line":51,"column":5}},"line":48},"4":{"name":"(anonymous_4)","decl":{"start":{"line":53,"column":17},"end":{"line":53,"column":18}},"loc":{"start":{"line":53,"column":30},"end":{"line":73,"column":3}},"line":53},"5":{"name":"(anonymous_5)","decl":{"start":{"line":54,"column":42},"end":{"line":54,"column":43}},"loc":{"start":{"line":54,"column":53},"end":{"line":56,"column":5}},"line":54},"6":{"name":"(anonymous_6)","decl":{"start":{"line":59,"column":6},"end":{"line":59,"column":7}},"loc":{"start":{"line":59,"column":62},"end":{"line":67,"column":7}},"line":59},"7":{"name":"(anonymous_7)","decl":{"start":{"line":69,"column":43},"end":{"line":69,"column":44}},"loc":{"start":{"line":69,"column":62},"end":{"line":72,"column":5}},"line":69},"8":{"name":"getNumItems","decl":{"start":{"line":79,"column":16},"end":{"line":79,"column":27}},"loc":{"start":{"line":79,"column":46},"end":{"line":86,"column":1}},"line":79},"9":{"name":"(anonymous_9)","decl":{"start":{"line":91,"column":2},"end":{"line":91,"column":3}},"loc":{"start":{"line":91,"column":24},"end":{"line":91,"column":40}},"line":91},"10":{"name":"(anonymous_10)","decl":{"start":{"line":92,"column":2},"end":{"line":92,"column":3}},"loc":{"start":{"line":92,"column":13},"end":{"line":99,"column":3}},"line":92},"11":{"name":"(anonymous_11)","decl":{"start":{"line":103,"column":2},"end":{"line":103,"column":3}},"loc":{"start":{"line":103,"column":24},"end":{"line":103,"column":40}},"line":103},"12":{"name":"(anonymous_12)","decl":{"start":{"line":104,"column":2},"end":{"line":104,"column":3}},"loc":{"start":{"line":104,"column":24},"end":{"line":104,"column":47}},"line":104},"13":{"name":"(anonymous_13)","decl":{"start":{"line":105,"column":2},"end":{"line":105,"column":3}},"loc":{"start":{"line":105,"column":23},"end":{"line":111,"column":3}},"line":105}},"branchMap":{"0":{"loc":{"start":{"line":36,"column":6},"end":{"line":40,"column":7}},"type":"if","locations":[{"start":{"line":36,"column":6},"end":{"line":40,"column":7}},{"start":{"line":38,"column":13},"end":{"line":40,"column":7}}],"line":36},"1":{"loc":{"start":{"line":61,"column":8},"end":{"line":66,"column":9}},"type":"if","locations":[{"start":{"line":61,"column":8},"end":{"line":66,"column":9}},{"start":{"line":64,"column":15},"end":{"line":66,"column":9}}],"line":61},"2":{"loc":{"start":{"line":71,"column":27},"end":{"line":71,"column":53}},"type":"binary-expr","locations":[{"start":{"line":71,"column":27},"end":{"line":71,"column":47}},{"start":{"line":71,"column":51},"end":{"line":71,"column":53}}],"line":71}},"s":{"0":4,"1":4,"2":10,"3":10,"4":10,"5":5,"6":4,"7":7,"8":4,"9":3,"10":5,"11":3,"12":3,"13":4,"14":6,"15":4,"16":3,"17":3,"18":2,"19":2,"20":1,"21":4,"22":3,"23":3,"24":4,"25":2,"26":2,"27":2,"28":2,"29":2,"30":4,"31":16,"32":11,"33":11,"34":11,"35":12,"36":11,"37":4,"38":18,"39":18,"40":16,"41":16,"42":18,"43":16},"f":{"0":10,"1":7,"2":5,"3":3,"4":4,"5":6,"6":3,"7":3,"8":2,"9":16,"10":11,"11":18,"12":18,"13":16},"b":{"0":[4,3],"1":[2,1],"2":[3,1]},"_coverageSchema":"1a1c01bbd47fc00a2c39e90264f33305004495a9","hash":"48028faeae86878c1ac1052416933d15a12dc33e"}
,"/home/italo.amaral/Área de Trabalho/MyRepos/redux-shopping-cart/src/features/products/Products.tsx": {"path":"/home/italo.amaral/Área de Trabalho/MyRepos/redux-shopping-cart/src/features/products/Products.tsx","statementMap":{"0":{"start":{"line":9,"column":19},"end":{"line":9,"column":35}},"1":{"start":{"line":10,"column":2},"end":{"line":14,"column":9}},"2":{"start":{"line":11,"column":4},"end":{"line":13,"column":7}},"3":{"start":{"line":12,"column":6},"end":{"line":12,"column":43}},"4":{"start":{"line":15,"column":19},"end":{"line":15,"column":69}},"5":{"start":{"line":15,"column":45},"end":{"line":15,"column":68}},"6":{"start":{"line":16,"column":2},"end":{"line":41,"column":4}},"7":{"start":{"line":20,"column":10},"end":{"line":37,"column":15}},"8":{"start":{"line":32,"column":82},"end":{"line":32,"column":113}}},"fnMap":{"0":{"name":"Products","decl":{"start":{"line":8,"column":16},"end":{"line":8,"column":24}},"loc":{"start":{"line":8,"column":27},"end":{"line":42,"column":1}},"line":8},"1":{"name":"(anonymous_1)","decl":{"start":{"line":10,"column":12},"end":{"line":10,"column":13}},"loc":{"start":{"line":10,"column":18},"end":{"line":14,"column":3}},"line":10},"2":{"name":"(anonymous_2)","decl":{"start":{"line":11,"column":23},"end":{"line":11,"column":24}},"loc":{"start":{"line":11,"column":37},"end":{"line":13,"column":5}},"line":11},"3":{"name":"(anonymous_3)","decl":{"start":{"line":15,"column":34},"end":{"line":15,"column":35}},"loc":{"start":{"line":15,"column":45},"end":{"line":15,"column":68}},"line":15},"4":{"name":"(anonymous_4)","decl":{"start":{"line":19,"column":37},"end":{"line":19,"column":38}},"loc":{"start":{"line":20,"column":10},"end":{"line":37,"column":15}},"line":20},"5":{"name":"(anonymous_5)","decl":{"start":{"line":32,"column":76},"end":{"line":32,"column":77}},"loc":{"start":{"line":32,"column":82},"end":{"line":32,"column":113}},"line":32}},"branchMap":{},"s":{"0":6,"1":6,"2":3,"3":3,"4":6,"5":15,"6":6,"7":15,"8":3},"f":{"0":6,"1":3,"2":3,"3":15,"4":15,"5":3},"b":{},"_coverageSchema":"1a1c01bbd47fc00a2c39e90264f33305004495a9","hash":"2418594494b6e072dab2144eb7055658d396e6ce"}
,"/home/italo.amaral/Área de Trabalho/MyRepos/redux-shopping-cart/src/features/products/productsSlice.ts": {"path":"/home/italo.amaral/Área de Trabalho/MyRepos/redux-shopping-cart/src/features/products/productsSlice.ts","statementMap":{"0":{"start":{"line":8,"column":36},"end":{"line":10,"column":1}},"1":{"start":{"line":12,"column":22},"end":{"line":23,"column":2}},"2":{"start":{"line":17,"column":23},"end":{"line":17,"column":37}},"3":{"start":{"line":18,"column":6},"end":{"line":20,"column":8}},"4":{"start":{"line":19,"column":8},"end":{"line":19,"column":45}},"5":{"start":{"line":25,"column":36},"end":{"line":25,"column":57}}},"fnMap":{"0":{"name":"(anonymous_0)","decl":{"start":{"line":16,"column":4},"end":{"line":16,"column":5}},"loc":{"start":{"line":16,"column":62},"end":{"line":21,"column":5}},"line":16},"1":{"name":"(anonymous_1)","decl":{"start":{"line":18,"column":23},"end":{"line":18,"column":24}},"loc":{"start":{"line":18,"column":34},"end":{"line":20,"column":7}},"line":18}},"branchMap":{},"s":{"0":5,"1":5,"2":8,"3":8,"4":34,"5":5},"f":{"0":8,"1":34},"b":{},"_coverageSchema":"1a1c01bbd47fc00a2c39e90264f33305004495a9","hash":"28b116a94a00e092d9eec9a4911dbc8475091966"}
}
